Unity Editor version:    2022.3.15f1 (b58023a2b463)
Branch:                  2022.3/staging
Build type:              Release
Batch mode:              YES
macOS version:           Version 15.3 (Build 24D60)
Darwin version:          24.3.0
Architecture:            x86_64
Running under Rosetta:   YES
Available memory:        16384 MB
Using pre-set license
Pro License: YES

COMMAND LINE ARGUMENTS:
/Applications/Unity/Hub/Editor/2022.3.15f1/Unity.app/Contents/MacOS/Unity
-adb2
-batchMode
-noUpm
-name
AssetImportWorker0
-projectPath
/Users/linnealing/Desktop/Linnea/Cat_Client/CatGame
-logFile
Logs/AssetImportWorker0.log
-srvPort
49724
Successfully changed project path to: /Users/linnealing/Desktop/Linnea/Cat_Client/CatGame
/Users/linnealing/Desktop/Linnea/Cat_Client/CatGame
[UnityMemory] Configuration Parameters - Can be set up in boot.config
    "memorysetup-bucket-allocator-granularity=16"
    "memorysetup-bucket-allocator-bucket-count=8"
    "memorysetup-bucket-allocator-block-size=33554432"
    "memorysetup-bucket-allocator-block-count=8"
    "memorysetup-main-allocator-block-size=16777216"
    "memorysetup-thread-allocator-block-size=16777216"
    "memorysetup-gfx-main-allocator-block-size=16777216"
    "memorysetup-gfx-thread-allocator-block-size=16777216"
    "memorysetup-cache-allocator-block-size=4194304"
    "memorysetup-typetree-allocator-block-size=2097152"
    "memorysetup-profiler-bucket-allocator-granularity=16"
    "memorysetup-profiler-bucket-allocator-bucket-count=8"
    "memorysetup-profiler-bucket-allocator-block-size=33554432"
    "memorysetup-profiler-bucket-allocator-block-count=8"
    "memorysetup-profiler-allocator-block-size=16777216"
    "memorysetup-profiler-editor-allocator-block-size=1048576"
    "memorysetup-temp-allocator-size-main=16777216"
    "memorysetup-job-temp-allocator-block-size=2097152"
    "memorysetup-job-temp-allocator-block-size-background=1048576"
    "memorysetup-job-temp-allocator-reduction-small-platforms=262144"
    "memorysetup-allocator-temp-initial-block-size-main=262144"
    "memorysetup-allocator-temp-initial-block-size-worker=262144"
    "memorysetup-temp-allocator-size-background-worker=32768"
    "memorysetup-temp-allocator-size-job-worker=262144"
    "memorysetup-temp-allocator-size-preload-manager=33554432"
    "memorysetup-temp-allocator-size-nav-mesh-worker=65536"
    "memorysetup-temp-allocator-size-audio-worker=65536"
    "memorysetup-temp-allocator-size-cloud-worker=32768"
    "memorysetup-temp-allocator-size-gi-baking-worker=262144"
    "memorysetup-temp-allocator-size-gfx=262144"
Player connection [8714826240] Host "[IP] 10.130.48.230 [Port] 0 [Flags] 2 [Guid] 3096435983 [EditorId] 3096435983 [Version] 1048832 [Id] OSXEditor(0,LinneadeM1-Pro-16.local) [Debug] 1 [PackageName] OSXEditor [ProjectName] Editor" joined multi-casting on [225.0.0.222:54997]...

Player connection [8714826240] Host "[IP] 10.130.48.230 [Port] 0 [Flags] 2 [Guid] 3096435983 [EditorId] 3096435983 [Version] 1048832 [Id] OSXEditor(0,LinneadeM1-Pro-16.local) [Debug] 1 [PackageName] OSXEditor [ProjectName] Editor" joined alternative multi-casting on [225.0.0.222:34997]...

[Physics::Module] Initialized MultithreadedJobDispatcher with 9 workers.
Refreshing native plugins compatible for Editor in 12.26 ms, found 3 plugins.
Preloading 0 native plugins for Editor in 0.00 ms.
Initialize engine version: 2022.3.15f1 (b58023a2b463)
[Subsystems] Discovering subsystems at path /Applications/Unity/Hub/Editor/2022.3.15f1/Unity.app/Contents/Resources/UnitySubsystems
[Subsystems] Discovering subsystems at path /Users/linnealing/Desktop/Linnea/Cat_Client/CatGame/Assets
GfxDevice: creating device client; threaded=0; jobified=0
 preferred device: Apple M1 Pro (high power)
Metal devices available: 1
0: Apple M1 Pro (high power)
Using device Apple M1 Pro (high power)
Initializing Metal device caps: Apple M1 Pro
Initialize mono
Mono path[0] = '/Applications/Unity/Hub/Editor/2022.3.15f1/Unity.app/Contents/Managed'
Mono path[1] = '/Applications/Unity/Hub/Editor/2022.3.15f1/Unity.app/Contents/MonoBleedingEdge/lib/mono/unityjit-macos'
Mono config path = '/Applications/Unity/Hub/Editor/2022.3.15f1/Unity.app/Contents/MonoBleedingEdge/etc'
Using monoOptions --debugger-agent=transport=dt_socket,embedding=1,server=y,suspend=n,address=127.0.0.1:56186
Begin MonoManager ReloadAssembly
Registering precompiled unity dll's ...
Register platform support module: /Applications/Unity/Hub/Editor/2022.3.15f1/PlaybackEngines/WebGLSupport/UnityEditor.WebGL.Extensions.dll
Register platform support module: /Applications/Unity/Hub/Editor/2022.3.15f1/Unity.app/Contents/PlaybackEngines/MacStandaloneSupport/UnityEditor.OSXStandalone.Extensions.dll
Register platform support module: /Applications/Unity/Hub/Editor/2022.3.15f1/PlaybackEngines/AndroidPlayer/UnityEditor.Android.Extensions.dll
Register platform support module: /Applications/Unity/Hub/Editor/2022.3.15f1/PlaybackEngines/iOSSupport/UnityEditor.iOS.Extensions.dll
Registered in 0.006054 seconds.
- Loaded All Assemblies, in  0.694 seconds
[usbmuxd] Start listen thread
[usbmuxd] Listen thread started
[usbmuxd] Send listen message
Native extension for iOS target not found
Native extension for Android target not found
Android Extension - Scanning For ADB Devices 431 ms
Native extension for OSXStandalone target not found
Native extension for WebGL target not found
Mono: successfully reloaded assembly
- Finished resetting the current domain, in  1.642 seconds
Domain Reload Profiling: 2338ms
	BeginReloadAssembly (303ms)
		ExecutionOrderSort (0ms)
		DisableScriptedObjects (0ms)
		BackupInstance (0ms)
		ReleaseScriptingObjects (0ms)
		CreateAndSetChildDomain (4ms)
	RebuildCommonClasses (41ms)
	RebuildNativeTypeToScriptingClass (11ms)
	initialDomainReloadingComplete (151ms)
	LoadAllAssembliesAndSetupDomain (188ms)
		LoadAssemblies (300ms)
		RebuildTransferFunctionScriptingTraits (0ms)
		AnalyzeDomain (181ms)
			TypeCache.Refresh (178ms)
				TypeCache.ScanAssembly (162ms)
			ScanForSourceGeneratedMonoScriptInfo (0ms)
			ResolveRequiredComponents (2ms)
	FinalizeReload (1644ms)
		ReleaseScriptCaches (0ms)
		RebuildScriptCaches (0ms)
		SetupLoadedEditorAssemblies (1516ms)
			LogAssemblyErrors (0ms)
			InitializePlatformSupportModulesInManaged (917ms)
			SetLoadedEditorAssemblies (12ms)
			RefreshPlugins (0ms)
			BeforeProcessingInitializeOnLoad (10ms)
			ProcessInitializeOnLoadAttributes (389ms)
			ProcessInitializeOnLoadMethodAttributes (186ms)
			AfterProcessingInitializeOnLoad (0ms)
			EditorAssembliesLoaded (1ms)
		ExecutionOrderSort2 (0ms)
		AwakeInstancesAfterBackupRestoration (0ms)
========================================================================
Worker process is ready to serve import requests
Begin MonoManager ReloadAssembly
- Loaded All Assemblies, in  1.123 seconds
Refreshing native plugins compatible for Editor in 1.40 ms, found 3 plugins.
Native extension for iOS target not found
Native extension for Android target not found
Native extension for OSXStandalone target not found
Native extension for WebGL target not found
Package Manager log level set to [2]
[Package Manager] Server::EnsureServerProcessIsRunning -- launch failed, reason: Unity was launched with the -noUpm command-line argument
[Package Manager] UpmClient::Send -- Unable to send message (not connected to UPM process).
[Package Manager] Cannot connect to Unity Package Manager local server
Mono: successfully reloaded assembly
- Finished resetting the current domain, in  1.953 seconds
Domain Reload Profiling: 3073ms
	BeginReloadAssembly (330ms)
		ExecutionOrderSort (0ms)
		DisableScriptedObjects (44ms)
		BackupInstance (0ms)
		ReleaseScriptingObjects (0ms)
		CreateAndSetChildDomain (30ms)
	RebuildCommonClasses (41ms)
	RebuildNativeTypeToScriptingClass (12ms)
	initialDomainReloadingComplete (121ms)
	LoadAllAssembliesAndSetupDomain (614ms)
		LoadAssemblies (545ms)
		RebuildTransferFunctionScriptingTraits (0ms)
		AnalyzeDomain (232ms)
			TypeCache.Refresh (176ms)
				TypeCache.ScanAssembly (154ms)
			ScanForSourceGeneratedMonoScriptInfo (47ms)
			ResolveRequiredComponents (9ms)
	FinalizeReload (1954ms)
		ReleaseScriptCaches (0ms)
		RebuildScriptCaches (0ms)
		SetupLoadedEditorAssemblies (1543ms)
			LogAssemblyErrors (0ms)
			InitializePlatformSupportModulesInManaged (104ms)
			SetLoadedEditorAssemblies (9ms)
			RefreshPlugins (0ms)
			BeforeProcessingInitializeOnLoad (120ms)
			ProcessInitializeOnLoadAttributes (1153ms)
			ProcessInitializeOnLoadMethodAttributes (156ms)
			AfterProcessingInitializeOnLoad (1ms)
			EditorAssembliesLoaded (0ms)
		ExecutionOrderSort2 (0ms)
		AwakeInstancesAfterBackupRestoration (11ms)
Launching external process: /Applications/Unity/Hub/Editor/2022.3.15f1/Unity.app/Contents/Tools/UnityShaderCompiler
Launched and connected shader compiler UnityShaderCompiler after 0.13 seconds
Refreshing native plugins compatible for Editor in 1.79 ms, found 3 plugins.
Preloading 0 native plugins for Editor in 0.00 ms.
Unloading 4022 Unused Serialized files (Serialized files now loaded: 0)
Unloading 70 unused Assets / (198.0 KB). Loaded Objects now: 4482.
Memory consumption went from 152.2 MB to 152.0 MB.
Total: 4.269833 ms (FindLiveObjects: 0.425375 ms CreateObjectMapping: 0.113708 ms MarkObjects: 3.464458 ms  DeleteObjects: 0.263334 ms)

AssetImportParameters requested are different than current active one (requested -> active):
  custom:container-demuxer-ogg: 62fdf1f143b41e24485cea50d1cbac27 -> 
  custom:video-decoder-ogg-theora: a1e56fd34408186e4bbccfd4996cb3dc -> 
  custom:CustomObjectIndexerAttribute: 43b350a4d6e6d1791af0b5038c4bea17 -> 
  custom:container-demuxer-webm: 4f35f7cbe854078d1ac9338744f61a02 -> 
  custom:container-muxer-webm: aa71ff27fc2769a1b78a27578f13a17b -> 
  custom:video-decoder-webm-vp8: 9c59270c3fd7afecdb556c50c9e8de78 -> 
  custom:SearchIndexIgnoredProperties: e643bd26f0fe6173181afceb89e7c659 -> 
  custom:AudioImporter_EditorPlatform: 3918e3fc78b5a79bad01e8451be0beb8 -> 
  custom:framework-osx-AVFoundation: e770b220cccbd017edd2c1fefb359320 -> 
  custom:video-encoder-webm-vp8: eb34c28f22e8b96e1ab97ce403110664 -> 
  custom:audio-decoder-ogg-vorbis: bf7c407c2cedff20999df2af8eb42d56 -> 
  custom:audio-encoder-webm-vorbis: bf7c407c2cedff20999df2af8eb42d56 -> 
========================================================================
Received Import Request.
  Time since last request: 3204.849695 seconds.
  path: Assets/Common/Textures
  artifactKey: Guid(1f29cf3d483ea40bfadd95cb5beda93b) Importer(815301076,1909f56bfc062723c751e8b465ee728b)
Start importing Assets/Common/Textures using Guid(1f29cf3d483ea40bfadd95cb5beda93b) Importer(815301076,1909f56bfc062723c751e8b465ee728b)  -> (artifact id: '93414826da797f9b679e6ba71090a416') in 0.005754 seconds
Number of updated asset objects reloaded before import = 0
Number of asset objects unloaded after import = 0
========================================================================
Received Import Request.
  Time since last request: 21.140730 seconds.
  path: Assets/Common/Textures/20250210111336.jpg
  artifactKey: Guid(b1099b9661db140fba318ee4e36c154b) Importer(815301076,1909f56bfc062723c751e8b465ee728b)
Start importing Assets/Common/Textures/20250210111336.jpg using Guid(b1099b9661db140fba318ee4e36c154b) Importer(815301076,1909f56bfc062723c751e8b465ee728b)  -> (artifact id: '3c3dd8bdc53887995f925913795742ce') in 0.269149 seconds
Number of updated asset objects reloaded before import = 0
Number of asset objects unloaded after import = 3
========================================================================
Received Import Request.
  Time since last request: 0.167526 seconds.
  path: Assets/Common/Textures/20250210111306.jpg
  artifactKey: Guid(c7d4f18b52da34d6380b4c9b676a871a) Importer(815301076,1909f56bfc062723c751e8b465ee728b)
Start importing Assets/Common/Textures/20250210111306.jpg using Guid(c7d4f18b52da34d6380b4c9b676a871a) Importer(815301076,1909f56bfc062723c751e8b465ee728b)  -> (artifact id: 'f69960bc4deb342ce6da5cb87bff7101') in 0.012882 seconds
Number of updated asset objects reloaded before import = 0
Number of asset objects unloaded after import = 3
========================================================================
Received Import Request.
  Time since last request: 3.251928 seconds.
  path: Assets/Common/Textures/20250210111327.jpg
  artifactKey: Guid(23b8c0437d0ec42aab38d30e0d458264) Importer(815301076,1909f56bfc062723c751e8b465ee728b)
Start importing Assets/Common/Textures/20250210111327.jpg using Guid(23b8c0437d0ec42aab38d30e0d458264) Importer(815301076,1909f56bfc062723c751e8b465ee728b)  -> (artifact id: '191d3a12f45a1a9c8c43bd9f0599a6de') in 0.009215 seconds
Number of updated asset objects reloaded before import = 0
Number of asset objects unloaded after import = 3
========================================================================
Received Import Request.
  Time since last request: 0.997099 seconds.
  path: Assets/Common/Textures/20250210111343.jpg
  artifactKey: Guid(e24d81441e7b54834a4e4e1db0f82989) Importer(815301076,1909f56bfc062723c751e8b465ee728b)
Start importing Assets/Common/Textures/20250210111343.jpg using Guid(e24d81441e7b54834a4e4e1db0f82989) Importer(815301076,1909f56bfc062723c751e8b465ee728b)  -> (artifact id: 'a877bd70afb89bfc073c04efdeeab602') in 0.014233 seconds
Number of updated asset objects reloaded before import = 0
Number of asset objects unloaded after import = 3
========================================================================
Received Import Request.
  Time since last request: 0.428418 seconds.
  path: Assets/Common/Textures/20250210111350.jpg
  artifactKey: Guid(3daf130c3e3a24dfdbc1b5e334fcb41b) Importer(815301076,1909f56bfc062723c751e8b465ee728b)
Start importing Assets/Common/Textures/20250210111350.jpg using Guid(3daf130c3e3a24dfdbc1b5e334fcb41b) Importer(815301076,1909f56bfc062723c751e8b465ee728b)  -> (artifact id: '91304d20ebac00a6392e33da460332c9') in 0.013458 seconds
Number of updated asset objects reloaded before import = 0
Number of asset objects unloaded after import = 3
========================================================================
Received Import Request.
  Time since last request: 0.453579 seconds.
  path: Assets/Common/Textures/20250210111357.jpg
  artifactKey: Guid(061fdac54da5842bf93f9b9dfd1b540c) Importer(815301076,1909f56bfc062723c751e8b465ee728b)
Start importing Assets/Common/Textures/20250210111357.jpg using Guid(061fdac54da5842bf93f9b9dfd1b540c) Importer(815301076,1909f56bfc062723c751e8b465ee728b)  -> (artifact id: 'a0353b32cbb47706ee8fa240afc564ba') in 0.014208 seconds
Number of updated asset objects reloaded before import = 0
Number of asset objects unloaded after import = 3
========================================================================
Received Import Request.
  Time since last request: 0.489290 seconds.
  path: Assets/Common/Textures/20250210111402.jpg
  artifactKey: Guid(213458917823b4934a6b6ea84bb090f9) Importer(815301076,1909f56bfc062723c751e8b465ee728b)
Start importing Assets/Common/Textures/20250210111402.jpg using Guid(213458917823b4934a6b6ea84bb090f9) Importer(815301076,1909f56bfc062723c751e8b465ee728b)  -> (artifact id: 'd68f4099dd971d17379e84698faa8dfd') in 0.010852 seconds
Number of updated asset objects reloaded before import = 0
Number of asset objects unloaded after import = 3
========================================================================
Received Import Request.
  Time since last request: 2710.956798 seconds.
  path: Assets/Common/Textures/level1.jpg
  artifactKey: Guid(b1099b9661db140fba318ee4e36c154b) Importer(815301076,1909f56bfc062723c751e8b465ee728b)
Start importing Assets/Common/Textures/level1.jpg using Guid(b1099b9661db140fba318ee4e36c154b) Importer(815301076,1909f56bfc062723c751e8b465ee728b)  -> (artifact id: 'dcd7755e9c874cc0ca58bcab6a0e4a84') in 0.051307 seconds
Number of updated asset objects reloaded before import = 0
Number of asset objects unloaded after import = 3
========================================================================
Received Import Request.
  Time since last request: 5.701544 seconds.
  path: Assets/Common/Textures/level2.jpg
  artifactKey: Guid(e24d81441e7b54834a4e4e1db0f82989) Importer(815301076,1909f56bfc062723c751e8b465ee728b)
Start importing Assets/Common/Textures/level2.jpg using Guid(e24d81441e7b54834a4e4e1db0f82989) Importer(815301076,1909f56bfc062723c751e8b465ee728b)  -> (artifact id: 'fc7d5fc7210e9156e310fdbe22077620') in 0.012607 seconds
Number of updated asset objects reloaded before import = 0
Number of asset objects unloaded after import = 3
========================================================================
Received Import Request.
  Time since last request: 4.846021 seconds.
  path: Assets/Common/Textures/level3.jpg
  artifactKey: Guid(3daf130c3e3a24dfdbc1b5e334fcb41b) Importer(815301076,1909f56bfc062723c751e8b465ee728b)
Start importing Assets/Common/Textures/level3.jpg using Guid(3daf130c3e3a24dfdbc1b5e334fcb41b) Importer(815301076,1909f56bfc062723c751e8b465ee728b)  -> (artifact id: '20aa85079feef585cfae447f9e958fd6') in 0.010806 seconds
Number of updated asset objects reloaded before import = 0
Number of asset objects unloaded after import = 3
========================================================================
Received Import Request.
  Time since last request: 7.807295 seconds.
  path: Assets/Common/Textures/left.jpg
  artifactKey: Guid(c7d4f18b52da34d6380b4c9b676a871a) Importer(815301076,1909f56bfc062723c751e8b465ee728b)
Start importing Assets/Common/Textures/left.jpg using Guid(c7d4f18b52da34d6380b4c9b676a871a) Importer(815301076,1909f56bfc062723c751e8b465ee728b)  -> (artifact id: 'a5d2844daeffadc79897d07e6f3eba4d') in 0.008372 seconds
Number of updated asset objects reloaded before import = 0
Number of asset objects unloaded after import = 3
========================================================================
Received Import Request.
  Time since last request: 7.645671 seconds.
  path: Assets/Common/Textures/setting.jpg
  artifactKey: Guid(23b8c0437d0ec42aab38d30e0d458264) Importer(815301076,1909f56bfc062723c751e8b465ee728b)
Start importing Assets/Common/Textures/setting.jpg using Guid(23b8c0437d0ec42aab38d30e0d458264) Importer(815301076,1909f56bfc062723c751e8b465ee728b)  -> (artifact id: 'e5d57dd21007a2fbd19a5b0cc4d4fea2') in 0.008443 seconds
Number of updated asset objects reloaded before import = 0
Number of asset objects unloaded after import = 3
========================================================================
Received Import Request.
  Time since last request: 4.915562 seconds.
  path: Assets/Common/Textures/message.jpg
  artifactKey: Guid(061fdac54da5842bf93f9b9dfd1b540c) Importer(815301076,1909f56bfc062723c751e8b465ee728b)
Start importing Assets/Common/Textures/message.jpg using Guid(061fdac54da5842bf93f9b9dfd1b540c) Importer(815301076,1909f56bfc062723c751e8b465ee728b)  -> (artifact id: '880bc63499c12d3f1fec9876cfcb8b62') in 0.009758 seconds
Number of updated asset objects reloaded before import = 0
Number of asset objects unloaded after import = 3
========================================================================
Received Import Request.
  Time since last request: 5.596416 seconds.
  path: Assets/Common/Textures/share.jpg
  artifactKey: Guid(213458917823b4934a6b6ea84bb090f9) Importer(815301076,1909f56bfc062723c751e8b465ee728b)
Start importing Assets/Common/Textures/share.jpg using Guid(213458917823b4934a6b6ea84bb090f9) Importer(815301076,1909f56bfc062723c751e8b465ee728b)  -> (artifact id: '5e0a39f5ac8e6d288403c0ce9304762a') in 0.010544 seconds
Number of updated asset objects reloaded before import = 0
Number of asset objects unloaded after import = 3
========================================================================
Received Import Request.
  Time since last request: 65.985753 seconds.
  path: Assets/Function/Prefab/FirstPage.prefab
  artifactKey: Guid(28a51055da99c45578cbc9137dad6aca) Importer(815301076,1909f56bfc062723c751e8b465ee728b)
Start importing Assets/Function/Prefab/FirstPage.prefab using Guid(28a51055da99c45578cbc9137dad6aca) Importer(815301076,1909f56bfc062723c751e8b465ee728b)  -> (artifact id: 'c1f0308f9e2ad2bc32f1cefe9a2da74a') in 0.072364 seconds
Number of updated asset objects reloaded before import = 0
Number of asset objects unloaded after import = 59
========================================================================
Received Import Request.
  Time since last request: 57.683799 seconds.
  path: Assets/Function/Prefab/Skin
  artifactKey: Guid(d95aa39bc29554279a7a51a7f042b769) Importer(815301076,1909f56bfc062723c751e8b465ee728b)
Start importing Assets/Function/Prefab/Skin using Guid(d95aa39bc29554279a7a51a7f042b769) Importer(815301076,1909f56bfc062723c751e8b465ee728b)  -> (artifact id: 'ec5e661f4869403aa91a1a10c08aa7a8') in 0.000693 seconds
Number of updated asset objects reloaded before import = 0
Number of asset objects unloaded after import = 0
========================================================================
Received Import Request.
  Time since last request: 1.484151 seconds.
  path: Assets/Function/Prefab/MainPage.prefab
  artifactKey: Guid(af5d03a08fa5b42969224fbad3d3ed7e) Importer(815301076,1909f56bfc062723c751e8b465ee728b)
Start importing Assets/Function/Prefab/MainPage.prefab using Guid(af5d03a08fa5b42969224fbad3d3ed7e) Importer(815301076,1909f56bfc062723c751e8b465ee728b)  -> (artifact id: 'd4b797b51af183101c2224c39699d39d') in 0.008054 seconds
Number of updated asset objects reloaded before import = 0
Number of asset objects unloaded after import = 26
========================================================================
Received Import Request.
  Time since last request: 10.504985 seconds.
  path: Assets/Function/Prefab/Skin/content.prefab
  artifactKey: Guid(f7bb2153383a041cd9db50a818521817) Importer(815301076,1909f56bfc062723c751e8b465ee728b)
Start importing Assets/Function/Prefab/Skin/content.prefab using Guid(f7bb2153383a041cd9db50a818521817) Importer(815301076,1909f56bfc062723c751e8b465ee728b)  -> (artifact id: 'f3ce1b662caa5a0f9092d48eb0109bc3') in 0.004695 seconds
Number of updated asset objects reloaded before import = 0
Number of asset objects unloaded after import = 5
========================================================================
Received Import Request.
  Time since last request: 40.360891 seconds.
  path: Assets/Function/Prefab/MainPage.prefab
  artifactKey: Guid(af5d03a08fa5b42969224fbad3d3ed7e) Importer(815301076,1909f56bfc062723c751e8b465ee728b)
Start importing Assets/Function/Prefab/MainPage.prefab using Guid(af5d03a08fa5b42969224fbad3d3ed7e) Importer(815301076,1909f56bfc062723c751e8b465ee728b)  -> (artifact id: '810009f279a6c22af4231f9aea2bc5dc') in 0.004398 seconds
Number of updated asset objects reloaded before import = 0
Number of asset objects unloaded after import = 26
========================================================================
Received Import Request.
  Time since last request: 268.234707 seconds.
  path: Assets/Function/Prefab/Skin/fish.prefab
  artifactKey: Guid(f7bb2153383a041cd9db50a818521817) Importer(815301076,1909f56bfc062723c751e8b465ee728b)
Start importing Assets/Function/Prefab/Skin/fish.prefab using Guid(f7bb2153383a041cd9db50a818521817) Importer(815301076,1909f56bfc062723c751e8b465ee728b)  -> (artifact id: 'b24c6d07699c7e6400a527bd464c2e1b') in 0.010089 seconds
Number of updated asset objects reloaded before import = 0
Number of asset objects unloaded after import = 5
========================================================================
Received Import Request.
  Time since last request: 43.503016 seconds.
  path: Assets/Common/Textures/skin
  artifactKey: Guid(81dd46aa1373542f7a7b74227004e6ab) Importer(815301076,1909f56bfc062723c751e8b465ee728b)
Start importing Assets/Common/Textures/skin using Guid(81dd46aa1373542f7a7b74227004e6ab) Importer(815301076,1909f56bfc062723c751e8b465ee728b)  -> (artifact id: 'fec46dbb5a6c6caef78f497073430edb') in 0.000799 seconds
Number of updated asset objects reloaded before import = 0
Number of asset objects unloaded after import = 0
========================================================================
Received Import Request.
  Time since last request: 97.251977 seconds.
  path: Assets/Common/Textures/skin/ball.jpg
  artifactKey: Guid(843a8cdee9aa6408083ac6e1150d0b1c) Importer(815301076,1909f56bfc062723c751e8b465ee728b)
Start importing Assets/Common/Textures/skin/ball.jpg using Guid(843a8cdee9aa6408083ac6e1150d0b1c) Importer(815301076,1909f56bfc062723c751e8b465ee728b)  -> (artifact id: '2e0a43968516a911e1d7275ca8d51d2f') in 0.061799 seconds
Number of updated asset objects reloaded before import = 0
Number of asset objects unloaded after import = 3
========================================================================
Received Import Request.
  Time since last request: 29.062290 seconds.
  path: Assets/Function/Prefab/Skin/fish.prefab
  artifactKey: Guid(f7bb2153383a041cd9db50a818521817) Importer(815301076,1909f56bfc062723c751e8b465ee728b)
Start importing Assets/Function/Prefab/Skin/fish.prefab using Guid(f7bb2153383a041cd9db50a818521817) Importer(815301076,1909f56bfc062723c751e8b465ee728b)  -> (artifact id: 'f1070ba81ccd954989162e71b2a617b1') in 0.004362 seconds
Number of updated asset objects reloaded before import = 0
Number of asset objects unloaded after import = 7
========================================================================
Received Import Request.
  Time since last request: 0.408646 seconds.
  path: Assets/Function/Prefab/Skin/fish 1.prefab
  artifactKey: Guid(ecf857b100e994c14bd341813a463a86) Importer(815301076,1909f56bfc062723c751e8b465ee728b)
Start importing Assets/Function/Prefab/Skin/fish 1.prefab using Guid(ecf857b100e994c14bd341813a463a86) Importer(815301076,1909f56bfc062723c751e8b465ee728b)  -> (artifact id: '615c51d4ee38db439ab36aab5d15be82') in 0.002008 seconds
Number of updated asset objects reloaded before import = 0
Number of asset objects unloaded after import = 7
========================================================================
Received Import Request.
  Time since last request: 38.811447 seconds.
  path: Assets/Function/Prefab/MainPage.prefab
  artifactKey: Guid(af5d03a08fa5b42969224fbad3d3ed7e) Importer(815301076,1909f56bfc062723c751e8b465ee728b)
Start importing Assets/Function/Prefab/MainPage.prefab using Guid(af5d03a08fa5b42969224fbad3d3ed7e) Importer(815301076,1909f56bfc062723c751e8b465ee728b)  -> (artifact id: '27e7108aac9af0527514dd61a37d3a8a') in 0.014877 seconds
Number of updated asset objects reloaded before import = 0
Number of asset objects unloaded after import = 25
========================================================================
Received Import Request.
  Time since last request: 16.878433 seconds.
  path: Assets/Function/Prefab/Skin/fish.prefab
  artifactKey: Guid(ecf857b100e994c14bd341813a463a86) Importer(815301076,1909f56bfc062723c751e8b465ee728b)
Start importing Assets/Function/Prefab/Skin/fish.prefab using Guid(ecf857b100e994c14bd341813a463a86) Importer(815301076,1909f56bfc062723c751e8b465ee728b)  -> (artifact id: '84580554220d059e215440438a7c9daa') in 0.004449 seconds
Number of updated asset objects reloaded before import = 0
Number of asset objects unloaded after import = 7
========================================================================
Received Import Request.
  Time since last request: 8.503961 seconds.
  path: Assets/Function/Prefab/MainPage.prefab
  artifactKey: Guid(af5d03a08fa5b42969224fbad3d3ed7e) Importer(815301076,1909f56bfc062723c751e8b465ee728b)
Start importing Assets/Function/Prefab/MainPage.prefab using Guid(af5d03a08fa5b42969224fbad3d3ed7e) Importer(815301076,1909f56bfc062723c751e8b465ee728b)  -> (artifact id: 'f417f694fa55c7f9f56a538c58429878') in 0.005364 seconds
Number of updated asset objects reloaded before import = 0
Number of asset objects unloaded after import = 30
========================================================================
Received Prepare
Begin MonoManager ReloadAssembly
- Loaded All Assemblies, in  0.966 seconds
Refreshing native plugins compatible for Editor in 1.53 ms, found 3 plugins.
Native extension for iOS target not found
Native extension for Android target not found
Native extension for OSXStandalone target not found
Native extension for WebGL target not found
[Package Manager] Server::EnsureServerProcessIsRunning -- launch failed, reason: Unity was launched with the -noUpm command-line argument
[Package Manager] UpmClient::Send -- Unable to send message (not connected to UPM process).
[Package Manager] Cannot connect to Unity Package Manager local server
Mono: successfully reloaded assembly
- Finished resetting the current domain, in  2.581 seconds
Domain Reload Profiling: 3550ms
	BeginReloadAssembly (416ms)
		ExecutionOrderSort (0ms)
		DisableScriptedObjects (68ms)
		BackupInstance (0ms)
		ReleaseScriptingObjects (0ms)
		CreateAndSetChildDomain (97ms)
	RebuildCommonClasses (40ms)
	RebuildNativeTypeToScriptingClass (12ms)
	initialDomainReloadingComplete (70ms)
	LoadAllAssembliesAndSetupDomain (428ms)
		LoadAssemblies (578ms)
		RebuildTransferFunctionScriptingTraits (0ms)
		AnalyzeDomain (45ms)
			TypeCache.Refresh (14ms)
				TypeCache.ScanAssembly (1ms)
			ScanForSourceGeneratedMonoScriptInfo (19ms)
			ResolveRequiredComponents (11ms)
	FinalizeReload (2584ms)
		ReleaseScriptCaches (0ms)
		RebuildScriptCaches (0ms)
		SetupLoadedEditorAssemblies (1529ms)
			LogAssemblyErrors (0ms)
			InitializePlatformSupportModulesInManaged (176ms)
			SetLoadedEditorAssemblies (8ms)
			RefreshPlugins (0ms)
			BeforeProcessingInitializeOnLoad (128ms)
			ProcessInitializeOnLoadAttributes (1066ms)
			ProcessInitializeOnLoadMethodAttributes (150ms)
			AfterProcessingInitializeOnLoad (1ms)
			EditorAssembliesLoaded (0ms)
		ExecutionOrderSort2 (0ms)
		AwakeInstancesAfterBackupRestoration (31ms)
Refreshing native plugins compatible for Editor in 1.81 ms, found 3 plugins.
Preloading 0 native plugins for Editor in 0.00 ms.
Unloading 4031 Unused Serialized files (Serialized files now loaded: 0)
Unloading 45 unused Assets / (177.6 KB). Loaded Objects now: 4526.
Memory consumption went from 151.5 MB to 151.3 MB.
Total: 3.830750 ms (FindLiveObjects: 0.493375 ms CreateObjectMapping: 0.121625 ms MarkObjects: 2.921375 ms  DeleteObjects: 0.291709 ms)

Prepare: number of updated asset objects reloaded= 0
AssetImportParameters requested are different than current active one (requested -> active):
  custom:container-demuxer-ogg: 62fdf1f143b41e24485cea50d1cbac27 -> 
  custom:video-decoder-ogg-theora: a1e56fd34408186e4bbccfd4996cb3dc -> 
  custom:CustomObjectIndexerAttribute: 43b350a4d6e6d1791af0b5038c4bea17 -> 
  custom:container-demuxer-webm: 4f35f7cbe854078d1ac9338744f61a02 -> 
  custom:container-muxer-webm: aa71ff27fc2769a1b78a27578f13a17b -> 
  custom:video-decoder-webm-vp8: 9c59270c3fd7afecdb556c50c9e8de78 -> 
  custom:SearchIndexIgnoredProperties: e643bd26f0fe6173181afceb89e7c659 -> 
  custom:AudioImporter_EditorPlatform: 3918e3fc78b5a79bad01e8451be0beb8 -> 
  custom:framework-osx-AVFoundation: e770b220cccbd017edd2c1fefb359320 -> 
  custom:video-encoder-webm-vp8: eb34c28f22e8b96e1ab97ce403110664 -> 
  custom:audio-decoder-ogg-vorbis: bf7c407c2cedff20999df2af8eb42d56 -> 
  custom:audio-encoder-webm-vorbis: bf7c407c2cedff20999df2af8eb42d56 -> 
TcpMessagingSession - receive error
AssetImportWorkerClient::OnTransportError - code=2 error=End of file
